<?xml version="1.0" encoding="UTF-8"?>
<testsuite name="com.example.project.BoardRepositoryTest" tests="1" skipped="0" failures="0" errors="0" timestamp="2025-02-07T07:57:34" hostname="DESKTOP-OHSK4AM" time="0.162">
  <properties/>
  <testcase name="insertBoard()" classname="com.example.project.BoardRepositoryTest" time="0.162"/>
  <system-out><![CDATA[2025-02-07 16:57:34.765  INFO 17036 --- [    Test worker] .b.t.c.SpringBootTestContextBootstrapper : Neither @ContextConfiguration nor @ContextHierarchy found for test class [com.example.project.BoardRepositoryTest], using SpringBootContextLoader
2025-02-07 16:57:34.766  INFO 17036 --- [    Test worker] o.s.t.c.support.AbstractContextLoader    : Could not detect default resource locations for test class [com.example.project.BoardRepositoryTest]: no resource found for suffixes {-context.xml, Context.groovy}.
2025-02-07 16:57:34.767  INFO 17036 --- [    Test worker] t.c.s.AnnotationConfigContextLoaderUtils : Could not detect default configuration classes for test class [com.example.project.BoardRepositoryTest]: BoardRepositoryTest does not declare any static, non-private, non-final, nested classes annotated with @Configuration.
2025-02-07 16:57:34.769  INFO 17036 --- [    Test worker] .b.t.c.SpringBootTestContextBootstrapper : Found @SpringBootConfiguration com.example.project.ProjectApplication for test class com.example.project.BoardRepositoryTest
2025-02-07 16:57:34.770  INFO 17036 --- [    Test worker] .b.t.c.SpringBootTestContextBootstrapper : Loaded default TestExecutionListener class names from location [META-INF/spring.factories]: [org.springframework.boot.test.autoconfigure.restdocs.RestDocsTestExecutionListener, org.springframework.boot.test.autoconfigure.web.client.MockRestServiceServerResetTestExecutionListener, org.springframework.boot.test.autoconfigure.web.servlet.MockMvcPrintOnlyOnFailureTestExecutionListener, org.springframework.boot.test.autoconfigure.web.servlet.WebDriverTestExecutionListener, org.springframework.boot.test.autoconfigure.webservices.client.MockWebServiceServerTestExecutionListener, org.springframework.boot.test.mock.mockito.MockitoTestExecutionListener, org.springframework.boot.test.mock.mockito.ResetMocksTestExecutionListener, org.springframework.test.context.web.ServletTestExecutionListener, org.springframework.test.context.support.DirtiesContextBeforeModesTestExecutionListener, org.springframework.test.context.event.ApplicationEventsTestExecutionListener, org.springframework.test.context.support.DependencyInjectionTestExecutionListener, org.springframework.test.context.support.DirtiesContextTestExecutionListener, org.springframework.test.context.transaction.TransactionalTestExecutionListener, org.springframework.test.context.jdbc.SqlScriptsTestExecutionListener, org.springframework.test.context.event.EventPublishingTestExecutionListener]
2025-02-07 16:57:34.770  INFO 17036 --- [    Test worker] .b.t.c.SpringBootTestContextBootstrapper : Using TestExecutionListeners: [org.springframework.test.context.web.ServletTestExecutionListener@7479cdf7, org.springframework.test.context.support.DirtiesContextBeforeModesTestExecutionListener@71852f76, org.springframework.test.context.event.ApplicationEventsTestExecutionListener@308f18c0, org.springframework.boot.test.mock.mockito.MockitoTestExecutionListener@7d44e3c7, org.springframework.boot.test.autoconfigure.SpringBootDependencyInjectionTestExecutionListener@47e89fed, org.springframework.test.context.support.DirtiesContextTestExecutionListener@1fcef6f9, org.springframework.test.context.transaction.TransactionalTestExecutionListener@57cfb4d8, org.springframework.test.context.jdbc.SqlScriptsTestExecutionListener@d4f2f3d, org.springframework.test.context.event.EventPublishingTestExecutionListener@e5bce8e, org.springframework.boot.test.autoconfigure.restdocs.RestDocsTestExecutionListener@66ca8882, org.springframework.boot.test.autoconfigure.web.client.MockRestServiceServerResetTestExecutionListener@4c0989f7, org.springframework.boot.test.autoconfigure.web.servlet.MockMvcPrintOnlyOnFailureTestExecutionListener@384b718c, org.springframework.boot.test.autoconfigure.web.servlet.WebDriverTestExecutionListener@68b4e7b5, org.springframework.boot.test.autoconfigure.webservices.client.MockWebServiceServerTestExecutionListener@5a88ecb9, org.springframework.boot.test.mock.mockito.ResetMocksTestExecutionListener@5ace902e]
Hibernate: 
    select
        member0_.email as email1_3_,
        member0_.mod_date as mod_date2_3_,
        member0_.reg_date as reg_date3_3_,
        member0_.date_of_birth as date_of_4_3_,
        member0_.gender as gender5_3_,
        member0_.name as name6_3_,
        member0_.nationality as national7_3_,
        member0_.phone_number as phone_nu8_3_,
        member0_.pw as pw9_3_,
        member0_.telecom_provider as telecom10_3_ 
    from
        member member0_ 
    where
        member0_.email=? 
        and member0_.pw=?
Hibernate: 
    select
        member0_.email as email1_3_,
        member0_.mod_date as mod_date2_3_,
        member0_.reg_date as reg_date3_3_,
        member0_.date_of_birth as date_of_4_3_,
        member0_.gender as gender5_3_,
        member0_.name as name6_3_,
        member0_.nationality as national7_3_,
        member0_.phone_number as phone_nu8_3_,
        member0_.pw as pw9_3_,
        member0_.telecom_provider as telecom10_3_ 
    from
        member member0_ 
    where
        member0_.email=? 
        and member0_.pw=?
Hibernate: 
    select
        member0_.email as email1_3_,
        member0_.mod_date as mod_date2_3_,
        member0_.reg_date as reg_date3_3_,
        member0_.date_of_birth as date_of_4_3_,
        member0_.gender as gender5_3_,
        member0_.name as name6_3_,
        member0_.nationality as national7_3_,
        member0_.phone_number as phone_nu8_3_,
        member0_.pw as pw9_3_,
        member0_.telecom_provider as telecom10_3_ 
    from
        member member0_ 
    where
        member0_.email=? 
        and member0_.pw=?
Hibernate: 
    select
        member0_.email as email1_3_,
        member0_.mod_date as mod_date2_3_,
        member0_.reg_date as reg_date3_3_,
        member0_.date_of_birth as date_of_4_3_,
        member0_.gender as gender5_3_,
        member0_.name as name6_3_,
        member0_.nationality as national7_3_,
        member0_.phone_number as phone_nu8_3_,
        member0_.pw as pw9_3_,
        member0_.telecom_provider as telecom10_3_ 
    from
        member member0_ 
    where
        member0_.email=? 
        and member0_.pw=?
Hibernate: 
    select
        member0_.email as email1_3_,
        member0_.mod_date as mod_date2_3_,
        member0_.reg_date as reg_date3_3_,
        member0_.date_of_birth as date_of_4_3_,
        member0_.gender as gender5_3_,
        member0_.name as name6_3_,
        member0_.nationality as national7_3_,
        member0_.phone_number as phone_nu8_3_,
        member0_.pw as pw9_3_,
        member0_.telecom_provider as telecom10_3_ 
    from
        member member0_ 
    where
        member0_.email=? 
        and member0_.pw=?
Hibernate: 
    select
        member0_.email as email1_3_,
        member0_.mod_date as mod_date2_3_,
        member0_.reg_date as reg_date3_3_,
        member0_.date_of_birth as date_of_4_3_,
        member0_.gender as gender5_3_,
        member0_.name as name6_3_,
        member0_.nationality as national7_3_,
        member0_.phone_number as phone_nu8_3_,
        member0_.pw as pw9_3_,
        member0_.telecom_provider as telecom10_3_ 
    from
        member member0_ 
    where
        member0_.email=? 
        and member0_.pw=?
Hibernate: 
    select
        member0_.email as email1_3_,
        member0_.mod_date as mod_date2_3_,
        member0_.reg_date as reg_date3_3_,
        member0_.date_of_birth as date_of_4_3_,
        member0_.gender as gender5_3_,
        member0_.name as name6_3_,
        member0_.nationality as national7_3_,
        member0_.phone_number as phone_nu8_3_,
        member0_.pw as pw9_3_,
        member0_.telecom_provider as telecom10_3_ 
    from
        member member0_ 
    where
        member0_.email=? 
        and member0_.pw=?
Hibernate: 
    select
        member0_.email as email1_3_,
        member0_.mod_date as mod_date2_3_,
        member0_.reg_date as reg_date3_3_,
        member0_.date_of_birth as date_of_4_3_,
        member0_.gender as gender5_3_,
        member0_.name as name6_3_,
        member0_.nationality as national7_3_,
        member0_.phone_number as phone_nu8_3_,
        member0_.pw as pw9_3_,
        member0_.telecom_provider as telecom10_3_ 
    from
        member member0_ 
    where
        member0_.email=? 
        and member0_.pw=?
Hibernate: 
    select
        member0_.email as email1_3_,
        member0_.mod_date as mod_date2_3_,
        member0_.reg_date as reg_date3_3_,
        member0_.date_of_birth as date_of_4_3_,
        member0_.gender as gender5_3_,
        member0_.name as name6_3_,
        member0_.nationality as national7_3_,
        member0_.phone_number as phone_nu8_3_,
        member0_.pw as pw9_3_,
        member0_.telecom_provider as telecom10_3_ 
    from
        member member0_ 
    where
        member0_.email=? 
        and member0_.pw=?
Hibernate: 
    select
        member0_.email as email1_3_,
        member0_.mod_date as mod_date2_3_,
        member0_.reg_date as reg_date3_3_,
        member0_.date_of_birth as date_of_4_3_,
        member0_.gender as gender5_3_,
        member0_.name as name6_3_,
        member0_.nationality as national7_3_,
        member0_.phone_number as phone_nu8_3_,
        member0_.pw as pw9_3_,
        member0_.telecom_provider as telecom10_3_ 
    from
        member member0_ 
    where
        member0_.email=? 
        and member0_.pw=?
Hibernate: 
    select
        member0_.email as email1_3_,
        member0_.mod_date as mod_date2_3_,
        member0_.reg_date as reg_date3_3_,
        member0_.date_of_birth as date_of_4_3_,
        member0_.gender as gender5_3_,
        member0_.name as name6_3_,
        member0_.nationality as national7_3_,
        member0_.phone_number as phone_nu8_3_,
        member0_.pw as pw9_3_,
        member0_.telecom_provider as telecom10_3_ 
    from
        member member0_ 
    where
        member0_.email=? 
        and member0_.pw=?
Hibernate: 
    select
        member0_.email as email1_3_,
        member0_.mod_date as mod_date2_3_,
        member0_.reg_date as reg_date3_3_,
        member0_.date_of_birth as date_of_4_3_,
        member0_.gender as gender5_3_,
        member0_.name as name6_3_,
        member0_.nationality as national7_3_,
        member0_.phone_number as phone_nu8_3_,
        member0_.pw as pw9_3_,
        member0_.telecom_provider as telecom10_3_ 
    from
        member member0_ 
    where
        member0_.email=? 
        and member0_.pw=?
Hibernate: 
    select
        member0_.email as email1_3_,
        member0_.mod_date as mod_date2_3_,
        member0_.reg_date as reg_date3_3_,
        member0_.date_of_birth as date_of_4_3_,
        member0_.gender as gender5_3_,
        member0_.name as name6_3_,
        member0_.nationality as national7_3_,
        member0_.phone_number as phone_nu8_3_,
        member0_.pw as pw9_3_,
        member0_.telecom_provider as telecom10_3_ 
    from
        member member0_ 
    where
        member0_.email=? 
        and member0_.pw=?
Hibernate: 
    select
        member0_.email as email1_3_,
        member0_.mod_date as mod_date2_3_,
        member0_.reg_date as reg_date3_3_,
        member0_.date_of_birth as date_of_4_3_,
        member0_.gender as gender5_3_,
        member0_.name as name6_3_,
        member0_.nationality as national7_3_,
        member0_.phone_number as phone_nu8_3_,
        member0_.pw as pw9_3_,
        member0_.telecom_provider as telecom10_3_ 
    from
        member member0_ 
    where
        member0_.email=? 
        and member0_.pw=?
Hibernate: 
    select
        member0_.email as email1_3_,
        member0_.mod_date as mod_date2_3_,
        member0_.reg_date as reg_date3_3_,
        member0_.date_of_birth as date_of_4_3_,
        member0_.gender as gender5_3_,
        member0_.name as name6_3_,
        member0_.nationality as national7_3_,
        member0_.phone_number as phone_nu8_3_,
        member0_.pw as pw9_3_,
        member0_.telecom_provider as telecom10_3_ 
    from
        member member0_ 
    where
        member0_.email=? 
        and member0_.pw=?
Hibernate: 
    select
        member0_.email as email1_3_,
        member0_.mod_date as mod_date2_3_,
        member0_.reg_date as reg_date3_3_,
        member0_.date_of_birth as date_of_4_3_,
        member0_.gender as gender5_3_,
        member0_.name as name6_3_,
        member0_.nationality as national7_3_,
        member0_.phone_number as phone_nu8_3_,
        member0_.pw as pw9_3_,
        member0_.telecom_provider as telecom10_3_ 
    from
        member member0_ 
    where
        member0_.email=? 
        and member0_.pw=?
Hibernate: 
    select
        member0_.email as email1_3_,
        member0_.mod_date as mod_date2_3_,
        member0_.reg_date as reg_date3_3_,
        member0_.date_of_birth as date_of_4_3_,
        member0_.gender as gender5_3_,
        member0_.name as name6_3_,
        member0_.nationality as national7_3_,
        member0_.phone_number as phone_nu8_3_,
        member0_.pw as pw9_3_,
        member0_.telecom_provider as telecom10_3_ 
    from
        member member0_ 
    where
        member0_.email=? 
        and member0_.pw=?
Hibernate: 
    select
        member0_.email as email1_3_,
        member0_.mod_date as mod_date2_3_,
        member0_.reg_date as reg_date3_3_,
        member0_.date_of_birth as date_of_4_3_,
        member0_.gender as gender5_3_,
        member0_.name as name6_3_,
        member0_.nationality as national7_3_,
        member0_.phone_number as phone_nu8_3_,
        member0_.pw as pw9_3_,
        member0_.telecom_provider as telecom10_3_ 
    from
        member member0_ 
    where
        member0_.email=? 
        and member0_.pw=?
Hibernate: 
    select
        member0_.email as email1_3_,
        member0_.mod_date as mod_date2_3_,
        member0_.reg_date as reg_date3_3_,
        member0_.date_of_birth as date_of_4_3_,
        member0_.gender as gender5_3_,
        member0_.name as name6_3_,
        member0_.nationality as national7_3_,
        member0_.phone_number as phone_nu8_3_,
        member0_.pw as pw9_3_,
        member0_.telecom_provider as telecom10_3_ 
    from
        member member0_ 
    where
        member0_.email=? 
        and member0_.pw=?
Hibernate: 
    select
        member0_.email as email1_3_,
        member0_.mod_date as mod_date2_3_,
        member0_.reg_date as reg_date3_3_,
        member0_.date_of_birth as date_of_4_3_,
        member0_.gender as gender5_3_,
        member0_.name as name6_3_,
        member0_.nationality as national7_3_,
        member0_.phone_number as phone_nu8_3_,
        member0_.pw as pw9_3_,
        member0_.telecom_provider as telecom10_3_ 
    from
        member member0_ 
    where
        member0_.email=? 
        and member0_.pw=?
Hibernate: 
    select
        member0_.email as email1_3_,
        member0_.mod_date as mod_date2_3_,
        member0_.reg_date as reg_date3_3_,
        member0_.date_of_birth as date_of_4_3_,
        member0_.gender as gender5_3_,
        member0_.name as name6_3_,
        member0_.nationality as national7_3_,
        member0_.phone_number as phone_nu8_3_,
        member0_.pw as pw9_3_,
        member0_.telecom_provider as telecom10_3_ 
    from
        member member0_ 
    where
        member0_.email=? 
        and member0_.pw=?
Hibernate: 
    select
        member0_.email as email1_3_,
        member0_.mod_date as mod_date2_3_,
        member0_.reg_date as reg_date3_3_,
        member0_.date_of_birth as date_of_4_3_,
        member0_.gender as gender5_3_,
        member0_.name as name6_3_,
        member0_.nationality as national7_3_,
        member0_.phone_number as phone_nu8_3_,
        member0_.pw as pw9_3_,
        member0_.telecom_provider as telecom10_3_ 
    from
        member member0_ 
    where
        member0_.email=? 
        and member0_.pw=?
Hibernate: 
    select
        member0_.email as email1_3_,
        member0_.mod_date as mod_date2_3_,
        member0_.reg_date as reg_date3_3_,
        member0_.date_of_birth as date_of_4_3_,
        member0_.gender as gender5_3_,
        member0_.name as name6_3_,
        member0_.nationality as national7_3_,
        member0_.phone_number as phone_nu8_3_,
        member0_.pw as pw9_3_,
        member0_.telecom_provider as telecom10_3_ 
    from
        member member0_ 
    where
        member0_.email=? 
        and member0_.pw=?
Hibernate: 
    select
        member0_.email as email1_3_,
        member0_.mod_date as mod_date2_3_,
        member0_.reg_date as reg_date3_3_,
        member0_.date_of_birth as date_of_4_3_,
        member0_.gender as gender5_3_,
        member0_.name as name6_3_,
        member0_.nationality as national7_3_,
        member0_.phone_number as phone_nu8_3_,
        member0_.pw as pw9_3_,
        member0_.telecom_provider as telecom10_3_ 
    from
        member member0_ 
    where
        member0_.email=? 
        and member0_.pw=?
Hibernate: 
    select
        member0_.email as email1_3_,
        member0_.mod_date as mod_date2_3_,
        member0_.reg_date as reg_date3_3_,
        member0_.date_of_birth as date_of_4_3_,
        member0_.gender as gender5_3_,
        member0_.name as name6_3_,
        member0_.nationality as national7_3_,
        member0_.phone_number as phone_nu8_3_,
        member0_.pw as pw9_3_,
        member0_.telecom_provider as telecom10_3_ 
    from
        member member0_ 
    where
        member0_.email=? 
        and member0_.pw=?
Hibernate: 
    select
        member0_.email as email1_3_,
        member0_.mod_date as mod_date2_3_,
        member0_.reg_date as reg_date3_3_,
        member0_.date_of_birth as date_of_4_3_,
        member0_.gender as gender5_3_,
        member0_.name as name6_3_,
        member0_.nationality as national7_3_,
        member0_.phone_number as phone_nu8_3_,
        member0_.pw as pw9_3_,
        member0_.telecom_provider as telecom10_3_ 
    from
        member member0_ 
    where
        member0_.email=? 
        and member0_.pw=?
Hibernate: 
    select
        member0_.email as email1_3_,
        member0_.mod_date as mod_date2_3_,
        member0_.reg_date as reg_date3_3_,
        member0_.date_of_birth as date_of_4_3_,
        member0_.gender as gender5_3_,
        member0_.name as name6_3_,
        member0_.nationality as national7_3_,
        member0_.phone_number as phone_nu8_3_,
        member0_.pw as pw9_3_,
        member0_.telecom_provider as telecom10_3_ 
    from
        member member0_ 
    where
        member0_.email=? 
        and member0_.pw=?
Hibernate: 
    select
        member0_.email as email1_3_,
        member0_.mod_date as mod_date2_3_,
        member0_.reg_date as reg_date3_3_,
        member0_.date_of_birth as date_of_4_3_,
        member0_.gender as gender5_3_,
        member0_.name as name6_3_,
        member0_.nationality as national7_3_,
        member0_.phone_number as phone_nu8_3_,
        member0_.pw as pw9_3_,
        member0_.telecom_provider as telecom10_3_ 
    from
        member member0_ 
    where
        member0_.email=? 
        and member0_.pw=?
Hibernate: 
    select
        member0_.email as email1_3_,
        member0_.mod_date as mod_date2_3_,
        member0_.reg_date as reg_date3_3_,
        member0_.date_of_birth as date_of_4_3_,
        member0_.gender as gender5_3_,
        member0_.name as name6_3_,
        member0_.nationality as national7_3_,
        member0_.phone_number as phone_nu8_3_,
        member0_.pw as pw9_3_,
        member0_.telecom_provider as telecom10_3_ 
    from
        member member0_ 
    where
        member0_.email=? 
        and member0_.pw=?
Hibernate: 
    select
        member0_.email as email1_3_,
        member0_.mod_date as mod_date2_3_,
        member0_.reg_date as reg_date3_3_,
        member0_.date_of_birth as date_of_4_3_,
        member0_.gender as gender5_3_,
        member0_.name as name6_3_,
        member0_.nationality as national7_3_,
        member0_.phone_number as phone_nu8_3_,
        member0_.pw as pw9_3_,
        member0_.telecom_provider as telecom10_3_ 
    from
        member member0_ 
    where
        member0_.email=? 
        and member0_.pw=?
Hibernate: 
    select
        member0_.email as email1_3_,
        member0_.mod_date as mod_date2_3_,
        member0_.reg_date as reg_date3_3_,
        member0_.date_of_birth as date_of_4_3_,
        member0_.gender as gender5_3_,
        member0_.name as name6_3_,
        member0_.nationality as national7_3_,
        member0_.phone_number as phone_nu8_3_,
        member0_.pw as pw9_3_,
        member0_.telecom_provider as telecom10_3_ 
    from
        member member0_ 
    where
        member0_.email=? 
        and member0_.pw=?
Hibernate: 
    select
        member0_.email as email1_3_,
        member0_.mod_date as mod_date2_3_,
        member0_.reg_date as reg_date3_3_,
        member0_.date_of_birth as date_of_4_3_,
        member0_.gender as gender5_3_,
        member0_.name as name6_3_,
        member0_.nationality as national7_3_,
        member0_.phone_number as phone_nu8_3_,
        member0_.pw as pw9_3_,
        member0_.telecom_provider as telecom10_3_ 
    from
        member member0_ 
    where
        member0_.email=? 
        and member0_.pw=?
Hibernate: 
    select
        member0_.email as email1_3_,
        member0_.mod_date as mod_date2_3_,
        member0_.reg_date as reg_date3_3_,
        member0_.date_of_birth as date_of_4_3_,
        member0_.gender as gender5_3_,
        member0_.name as name6_3_,
        member0_.nationality as national7_3_,
        member0_.phone_number as phone_nu8_3_,
        member0_.pw as pw9_3_,
        member0_.telecom_provider as telecom10_3_ 
    from
        member member0_ 
    where
        member0_.email=? 
        and member0_.pw=?
Hibernate: 
    select
        member0_.email as email1_3_,
        member0_.mod_date as mod_date2_3_,
        member0_.reg_date as reg_date3_3_,
        member0_.date_of_birth as date_of_4_3_,
        member0_.gender as gender5_3_,
        member0_.name as name6_3_,
        member0_.nationality as national7_3_,
        member0_.phone_number as phone_nu8_3_,
        member0_.pw as pw9_3_,
        member0_.telecom_provider as telecom10_3_ 
    from
        member member0_ 
    where
        member0_.email=? 
        and member0_.pw=?
Hibernate: 
    select
        member0_.email as email1_3_,
        member0_.mod_date as mod_date2_3_,
        member0_.reg_date as reg_date3_3_,
        member0_.date_of_birth as date_of_4_3_,
        member0_.gender as gender5_3_,
        member0_.name as name6_3_,
        member0_.nationality as national7_3_,
        member0_.phone_number as phone_nu8_3_,
        member0_.pw as pw9_3_,
        member0_.telecom_provider as telecom10_3_ 
    from
        member member0_ 
    where
        member0_.email=? 
        and member0_.pw=?
Hibernate: 
    select
        member0_.email as email1_3_,
        member0_.mod_date as mod_date2_3_,
        member0_.reg_date as reg_date3_3_,
        member0_.date_of_birth as date_of_4_3_,
        member0_.gender as gender5_3_,
        member0_.name as name6_3_,
        member0_.nationality as national7_3_,
        member0_.phone_number as phone_nu8_3_,
        member0_.pw as pw9_3_,
        member0_.telecom_provider as telecom10_3_ 
    from
        member member0_ 
    where
        member0_.email=? 
        and member0_.pw=?
Hibernate: 
    select
        member0_.email as email1_3_,
        member0_.mod_date as mod_date2_3_,
        member0_.reg_date as reg_date3_3_,
        member0_.date_of_birth as date_of_4_3_,
        member0_.gender as gender5_3_,
        member0_.name as name6_3_,
        member0_.nationality as national7_3_,
        member0_.phone_number as phone_nu8_3_,
        member0_.pw as pw9_3_,
        member0_.telecom_provider as telecom10_3_ 
    from
        member member0_ 
    where
        member0_.email=? 
        and member0_.pw=?
Hibernate: 
    select
        member0_.email as email1_3_,
        member0_.mod_date as mod_date2_3_,
        member0_.reg_date as reg_date3_3_,
        member0_.date_of_birth as date_of_4_3_,
        member0_.gender as gender5_3_,
        member0_.name as name6_3_,
        member0_.nationality as national7_3_,
        member0_.phone_number as phone_nu8_3_,
        member0_.pw as pw9_3_,
        member0_.telecom_provider as telecom10_3_ 
    from
        member member0_ 
    where
        member0_.email=? 
        and member0_.pw=?
Hibernate: 
    select
        member0_.email as email1_3_,
        member0_.mod_date as mod_date2_3_,
        member0_.reg_date as reg_date3_3_,
        member0_.date_of_birth as date_of_4_3_,
        member0_.gender as gender5_3_,
        member0_.name as name6_3_,
        member0_.nationality as national7_3_,
        member0_.phone_number as phone_nu8_3_,
        member0_.pw as pw9_3_,
        member0_.telecom_provider as telecom10_3_ 
    from
        member member0_ 
    where
        member0_.email=? 
        and member0_.pw=?
Hibernate: 
    select
        member0_.email as email1_3_,
        member0_.mod_date as mod_date2_3_,
        member0_.reg_date as reg_date3_3_,
        member0_.date_of_birth as date_of_4_3_,
        member0_.gender as gender5_3_,
        member0_.name as name6_3_,
        member0_.nationality as national7_3_,
        member0_.phone_number as phone_nu8_3_,
        member0_.pw as pw9_3_,
        member0_.telecom_provider as telecom10_3_ 
    from
        member member0_ 
    where
        member0_.email=? 
        and member0_.pw=?
Hibernate: 
    select
        member0_.email as email1_3_,
        member0_.mod_date as mod_date2_3_,
        member0_.reg_date as reg_date3_3_,
        member0_.date_of_birth as date_of_4_3_,
        member0_.gender as gender5_3_,
        member0_.name as name6_3_,
        member0_.nationality as national7_3_,
        member0_.phone_number as phone_nu8_3_,
        member0_.pw as pw9_3_,
        member0_.telecom_provider as telecom10_3_ 
    from
        member member0_ 
    where
        member0_.email=? 
        and member0_.pw=?
Hibernate: 
    select
        member0_.email as email1_3_,
        member0_.mod_date as mod_date2_3_,
        member0_.reg_date as reg_date3_3_,
        member0_.date_of_birth as date_of_4_3_,
        member0_.gender as gender5_3_,
        member0_.name as name6_3_,
        member0_.nationality as national7_3_,
        member0_.phone_number as phone_nu8_3_,
        member0_.pw as pw9_3_,
        member0_.telecom_provider as telecom10_3_ 
    from
        member member0_ 
    where
        member0_.email=? 
        and member0_.pw=?
Hibernate: 
    select
        member0_.email as email1_3_,
        member0_.mod_date as mod_date2_3_,
        member0_.reg_date as reg_date3_3_,
        member0_.date_of_birth as date_of_4_3_,
        member0_.gender as gender5_3_,
        member0_.name as name6_3_,
        member0_.nationality as national7_3_,
        member0_.phone_number as phone_nu8_3_,
        member0_.pw as pw9_3_,
        member0_.telecom_provider as telecom10_3_ 
    from
        member member0_ 
    where
        member0_.email=? 
        and member0_.pw=?
Hibernate: 
    select
        member0_.email as email1_3_,
        member0_.mod_date as mod_date2_3_,
        member0_.reg_date as reg_date3_3_,
        member0_.date_of_birth as date_of_4_3_,
        member0_.gender as gender5_3_,
        member0_.name as name6_3_,
        member0_.nationality as national7_3_,
        member0_.phone_number as phone_nu8_3_,
        member0_.pw as pw9_3_,
        member0_.telecom_provider as telecom10_3_ 
    from
        member member0_ 
    where
        member0_.email=? 
        and member0_.pw=?
Hibernate: 
    select
        member0_.email as email1_3_,
        member0_.mod_date as mod_date2_3_,
        member0_.reg_date as reg_date3_3_,
        member0_.date_of_birth as date_of_4_3_,
        member0_.gender as gender5_3_,
        member0_.name as name6_3_,
        member0_.nationality as national7_3_,
        member0_.phone_number as phone_nu8_3_,
        member0_.pw as pw9_3_,
        member0_.telecom_provider as telecom10_3_ 
    from
        member member0_ 
    where
        member0_.email=? 
        and member0_.pw=?
Hibernate: 
    select
        member0_.email as email1_3_,
        member0_.mod_date as mod_date2_3_,
        member0_.reg_date as reg_date3_3_,
        member0_.date_of_birth as date_of_4_3_,
        member0_.gender as gender5_3_,
        member0_.name as name6_3_,
        member0_.nationality as national7_3_,
        member0_.phone_number as phone_nu8_3_,
        member0_.pw as pw9_3_,
        member0_.telecom_provider as telecom10_3_ 
    from
        member member0_ 
    where
        member0_.email=? 
        and member0_.pw=?
Hibernate: 
    select
        member0_.email as email1_3_,
        member0_.mod_date as mod_date2_3_,
        member0_.reg_date as reg_date3_3_,
        member0_.date_of_birth as date_of_4_3_,
        member0_.gender as gender5_3_,
        member0_.name as name6_3_,
        member0_.nationality as national7_3_,
        member0_.phone_number as phone_nu8_3_,
        member0_.pw as pw9_3_,
        member0_.telecom_provider as telecom10_3_ 
    from
        member member0_ 
    where
        member0_.email=? 
        and member0_.pw=?
Hibernate: 
    select
        member0_.email as email1_3_,
        member0_.mod_date as mod_date2_3_,
        member0_.reg_date as reg_date3_3_,
        member0_.date_of_birth as date_of_4_3_,
        member0_.gender as gender5_3_,
        member0_.name as name6_3_,
        member0_.nationality as national7_3_,
        member0_.phone_number as phone_nu8_3_,
        member0_.pw as pw9_3_,
        member0_.telecom_provider as telecom10_3_ 
    from
        member member0_ 
    where
        member0_.email=? 
        and member0_.pw=?
Hibernate: 
    select
        member0_.email as email1_3_,
        member0_.mod_date as mod_date2_3_,
        member0_.reg_date as reg_date3_3_,
        member0_.date_of_birth as date_of_4_3_,
        member0_.gender as gender5_3_,
        member0_.name as name6_3_,
        member0_.nationality as national7_3_,
        member0_.phone_number as phone_nu8_3_,
        member0_.pw as pw9_3_,
        member0_.telecom_provider as telecom10_3_ 
    from
        member member0_ 
    where
        member0_.email=? 
        and member0_.pw=?
Hibernate: 
    select
        member0_.email as email1_3_,
        member0_.mod_date as mod_date2_3_,
        member0_.reg_date as reg_date3_3_,
        member0_.date_of_birth as date_of_4_3_,
        member0_.gender as gender5_3_,
        member0_.name as name6_3_,
        member0_.nationality as national7_3_,
        member0_.phone_number as phone_nu8_3_,
        member0_.pw as pw9_3_,
        member0_.telecom_provider as telecom10_3_ 
    from
        member member0_ 
    where
        member0_.email=? 
        and member0_.pw=?
Hibernate: 
    select
        member0_.email as email1_3_,
        member0_.mod_date as mod_date2_3_,
        member0_.reg_date as reg_date3_3_,
        member0_.date_of_birth as date_of_4_3_,
        member0_.gender as gender5_3_,
        member0_.name as name6_3_,
        member0_.nationality as national7_3_,
        member0_.phone_number as phone_nu8_3_,
        member0_.pw as pw9_3_,
        member0_.telecom_provider as telecom10_3_ 
    from
        member member0_ 
    where
        member0_.email=? 
        and member0_.pw=?
Hibernate: 
    select
        member0_.email as email1_3_,
        member0_.mod_date as mod_date2_3_,
        member0_.reg_date as reg_date3_3_,
        member0_.date_of_birth as date_of_4_3_,
        member0_.gender as gender5_3_,
        member0_.name as name6_3_,
        member0_.nationality as national7_3_,
        member0_.phone_number as phone_nu8_3_,
        member0_.pw as pw9_3_,
        member0_.telecom_provider as telecom10_3_ 
    from
        member member0_ 
    where
        member0_.email=? 
        and member0_.pw=?
Hibernate: 
    select
        member0_.email as email1_3_,
        member0_.mod_date as mod_date2_3_,
        member0_.reg_date as reg_date3_3_,
        member0_.date_of_birth as date_of_4_3_,
        member0_.gender as gender5_3_,
        member0_.name as name6_3_,
        member0_.nationality as national7_3_,
        member0_.phone_number as phone_nu8_3_,
        member0_.pw as pw9_3_,
        member0_.telecom_provider as telecom10_3_ 
    from
        member member0_ 
    where
        member0_.email=? 
        and member0_.pw=?
Hibernate: 
    select
        member0_.email as email1_3_,
        member0_.mod_date as mod_date2_3_,
        member0_.reg_date as reg_date3_3_,
        member0_.date_of_birth as date_of_4_3_,
        member0_.gender as gender5_3_,
        member0_.name as name6_3_,
        member0_.nationality as national7_3_,
        member0_.phone_number as phone_nu8_3_,
        member0_.pw as pw9_3_,
        member0_.telecom_provider as telecom10_3_ 
    from
        member member0_ 
    where
        member0_.email=? 
        and member0_.pw=?
Hibernate: 
    select
        member0_.email as email1_3_,
        member0_.mod_date as mod_date2_3_,
        member0_.reg_date as reg_date3_3_,
        member0_.date_of_birth as date_of_4_3_,
        member0_.gender as gender5_3_,
        member0_.name as name6_3_,
        member0_.nationality as national7_3_,
        member0_.phone_number as phone_nu8_3_,
        member0_.pw as pw9_3_,
        member0_.telecom_provider as telecom10_3_ 
    from
        member member0_ 
    where
        member0_.email=? 
        and member0_.pw=?
Hibernate: 
    select
        member0_.email as email1_3_,
        member0_.mod_date as mod_date2_3_,
        member0_.reg_date as reg_date3_3_,
        member0_.date_of_birth as date_of_4_3_,
        member0_.gender as gender5_3_,
        member0_.name as name6_3_,
        member0_.nationality as national7_3_,
        member0_.phone_number as phone_nu8_3_,
        member0_.pw as pw9_3_,
        member0_.telecom_provider as telecom10_3_ 
    from
        member member0_ 
    where
        member0_.email=? 
        and member0_.pw=?
Hibernate: 
    select
        member0_.email as email1_3_,
        member0_.mod_date as mod_date2_3_,
        member0_.reg_date as reg_date3_3_,
        member0_.date_of_birth as date_of_4_3_,
        member0_.gender as gender5_3_,
        member0_.name as name6_3_,
        member0_.nationality as national7_3_,
        member0_.phone_number as phone_nu8_3_,
        member0_.pw as pw9_3_,
        member0_.telecom_provider as telecom10_3_ 
    from
        member member0_ 
    where
        member0_.email=? 
        and member0_.pw=?
Hibernate: 
    select
        member0_.email as email1_3_,
        member0_.mod_date as mod_date2_3_,
        member0_.reg_date as reg_date3_3_,
        member0_.date_of_birth as date_of_4_3_,
        member0_.gender as gender5_3_,
        member0_.name as name6_3_,
        member0_.nationality as national7_3_,
        member0_.phone_number as phone_nu8_3_,
        member0_.pw as pw9_3_,
        member0_.telecom_provider as telecom10_3_ 
    from
        member member0_ 
    where
        member0_.email=? 
        and member0_.pw=?
Hibernate: 
    select
        member0_.email as email1_3_,
        member0_.mod_date as mod_date2_3_,
        member0_.reg_date as reg_date3_3_,
        member0_.date_of_birth as date_of_4_3_,
        member0_.gender as gender5_3_,
        member0_.name as name6_3_,
        member0_.nationality as national7_3_,
        member0_.phone_number as phone_nu8_3_,
        member0_.pw as pw9_3_,
        member0_.telecom_provider as telecom10_3_ 
    from
        member member0_ 
    where
        member0_.email=? 
        and member0_.pw=?
Hibernate: 
    select
        member0_.email as email1_3_,
        member0_.mod_date as mod_date2_3_,
        member0_.reg_date as reg_date3_3_,
        member0_.date_of_birth as date_of_4_3_,
        member0_.gender as gender5_3_,
        member0_.name as name6_3_,
        member0_.nationality as national7_3_,
        member0_.phone_number as phone_nu8_3_,
        member0_.pw as pw9_3_,
        member0_.telecom_provider as telecom10_3_ 
    from
        member member0_ 
    where
        member0_.email=? 
        and member0_.pw=?
Hibernate: 
    select
        member0_.email as email1_3_,
        member0_.mod_date as mod_date2_3_,
        member0_.reg_date as reg_date3_3_,
        member0_.date_of_birth as date_of_4_3_,
        member0_.gender as gender5_3_,
        member0_.name as name6_3_,
        member0_.nationality as national7_3_,
        member0_.phone_number as phone_nu8_3_,
        member0_.pw as pw9_3_,
        member0_.telecom_provider as telecom10_3_ 
    from
        member member0_ 
    where
        member0_.email=? 
        and member0_.pw=?
Hibernate: 
    select
        member0_.email as email1_3_,
        member0_.mod_date as mod_date2_3_,
        member0_.reg_date as reg_date3_3_,
        member0_.date_of_birth as date_of_4_3_,
        member0_.gender as gender5_3_,
        member0_.name as name6_3_,
        member0_.nationality as national7_3_,
        member0_.phone_number as phone_nu8_3_,
        member0_.pw as pw9_3_,
        member0_.telecom_provider as telecom10_3_ 
    from
        member member0_ 
    where
        member0_.email=? 
        and member0_.pw=?
Hibernate: 
    select
        member0_.email as email1_3_,
        member0_.mod_date as mod_date2_3_,
        member0_.reg_date as reg_date3_3_,
        member0_.date_of_birth as date_of_4_3_,
        member0_.gender as gender5_3_,
        member0_.name as name6_3_,
        member0_.nationality as national7_3_,
        member0_.phone_number as phone_nu8_3_,
        member0_.pw as pw9_3_,
        member0_.telecom_provider as telecom10_3_ 
    from
        member member0_ 
    where
        member0_.email=? 
        and member0_.pw=?
Hibernate: 
    select
        member0_.email as email1_3_,
        member0_.mod_date as mod_date2_3_,
        member0_.reg_date as reg_date3_3_,
        member0_.date_of_birth as date_of_4_3_,
        member0_.gender as gender5_3_,
        member0_.name as name6_3_,
        member0_.nationality as national7_3_,
        member0_.phone_number as phone_nu8_3_,
        member0_.pw as pw9_3_,
        member0_.telecom_provider as telecom10_3_ 
    from
        member member0_ 
    where
        member0_.email=? 
        and member0_.pw=?
Hibernate: 
    select
        member0_.email as email1_3_,
        member0_.mod_date as mod_date2_3_,
        member0_.reg_date as reg_date3_3_,
        member0_.date_of_birth as date_of_4_3_,
        member0_.gender as gender5_3_,
        member0_.name as name6_3_,
        member0_.nationality as national7_3_,
        member0_.phone_number as phone_nu8_3_,
        member0_.pw as pw9_3_,
        member0_.telecom_provider as telecom10_3_ 
    from
        member member0_ 
    where
        member0_.email=? 
        and member0_.pw=?
Hibernate: 
    select
        member0_.email as email1_3_,
        member0_.mod_date as mod_date2_3_,
        member0_.reg_date as reg_date3_3_,
        member0_.date_of_birth as date_of_4_3_,
        member0_.gender as gender5_3_,
        member0_.name as name6_3_,
        member0_.nationality as national7_3_,
        member0_.phone_number as phone_nu8_3_,
        member0_.pw as pw9_3_,
        member0_.telecom_provider as telecom10_3_ 
    from
        member member0_ 
    where
        member0_.email=? 
        and member0_.pw=?
Hibernate: 
    select
        member0_.email as email1_3_,
        member0_.mod_date as mod_date2_3_,
        member0_.reg_date as reg_date3_3_,
        member0_.date_of_birth as date_of_4_3_,
        member0_.gender as gender5_3_,
        member0_.name as name6_3_,
        member0_.nationality as national7_3_,
        member0_.phone_number as phone_nu8_3_,
        member0_.pw as pw9_3_,
        member0_.telecom_provider as telecom10_3_ 
    from
        member member0_ 
    where
        member0_.email=? 
        and member0_.pw=?
Hibernate: 
    select
        member0_.email as email1_3_,
        member0_.mod_date as mod_date2_3_,
        member0_.reg_date as reg_date3_3_,
        member0_.date_of_birth as date_of_4_3_,
        member0_.gender as gender5_3_,
        member0_.name as name6_3_,
        member0_.nationality as national7_3_,
        member0_.phone_number as phone_nu8_3_,
        member0_.pw as pw9_3_,
        member0_.telecom_provider as telecom10_3_ 
    from
        member member0_ 
    where
        member0_.email=? 
        and member0_.pw=?
Hibernate: 
    select
        member0_.email as email1_3_,
        member0_.mod_date as mod_date2_3_,
        member0_.reg_date as reg_date3_3_,
        member0_.date_of_birth as date_of_4_3_,
        member0_.gender as gender5_3_,
        member0_.name as name6_3_,
        member0_.nationality as national7_3_,
        member0_.phone_number as phone_nu8_3_,
        member0_.pw as pw9_3_,
        member0_.telecom_provider as telecom10_3_ 
    from
        member member0_ 
    where
        member0_.email=? 
        and member0_.pw=?
Hibernate: 
    select
        member0_.email as email1_3_,
        member0_.mod_date as mod_date2_3_,
        member0_.reg_date as reg_date3_3_,
        member0_.date_of_birth as date_of_4_3_,
        member0_.gender as gender5_3_,
        member0_.name as name6_3_,
        member0_.nationality as national7_3_,
        member0_.phone_number as phone_nu8_3_,
        member0_.pw as pw9_3_,
        member0_.telecom_provider as telecom10_3_ 
    from
        member member0_ 
    where
        member0_.email=? 
        and member0_.pw=?
Hibernate: 
    select
        member0_.email as email1_3_,
        member0_.mod_date as mod_date2_3_,
        member0_.reg_date as reg_date3_3_,
        member0_.date_of_birth as date_of_4_3_,
        member0_.gender as gender5_3_,
        member0_.name as name6_3_,
        member0_.nationality as national7_3_,
        member0_.phone_number as phone_nu8_3_,
        member0_.pw as pw9_3_,
        member0_.telecom_provider as telecom10_3_ 
    from
        member member0_ 
    where
        member0_.email=? 
        and member0_.pw=?
Hibernate: 
    select
        member0_.email as email1_3_,
        member0_.mod_date as mod_date2_3_,
        member0_.reg_date as reg_date3_3_,
        member0_.date_of_birth as date_of_4_3_,
        member0_.gender as gender5_3_,
        member0_.name as name6_3_,
        member0_.nationality as national7_3_,
        member0_.phone_number as phone_nu8_3_,
        member0_.pw as pw9_3_,
        member0_.telecom_provider as telecom10_3_ 
    from
        member member0_ 
    where
        member0_.email=? 
        and member0_.pw=?
Hibernate: 
    select
        member0_.email as email1_3_,
        member0_.mod_date as mod_date2_3_,
        member0_.reg_date as reg_date3_3_,
        member0_.date_of_birth as date_of_4_3_,
        member0_.gender as gender5_3_,
        member0_.name as name6_3_,
        member0_.nationality as national7_3_,
        member0_.phone_number as phone_nu8_3_,
        member0_.pw as pw9_3_,
        member0_.telecom_provider as telecom10_3_ 
    from
        member member0_ 
    where
        member0_.email=? 
        and member0_.pw=?
Hibernate: 
    select
        member0_.email as email1_3_,
        member0_.mod_date as mod_date2_3_,
        member0_.reg_date as reg_date3_3_,
        member0_.date_of_birth as date_of_4_3_,
        member0_.gender as gender5_3_,
        member0_.name as name6_3_,
        member0_.nationality as national7_3_,
        member0_.phone_number as phone_nu8_3_,
        member0_.pw as pw9_3_,
        member0_.telecom_provider as telecom10_3_ 
    from
        member member0_ 
    where
        member0_.email=? 
        and member0_.pw=?
Hibernate: 
    select
        member0_.email as email1_3_,
        member0_.mod_date as mod_date2_3_,
        member0_.reg_date as reg_date3_3_,
        member0_.date_of_birth as date_of_4_3_,
        member0_.gender as gender5_3_,
        member0_.name as name6_3_,
        member0_.nationality as national7_3_,
        member0_.phone_number as phone_nu8_3_,
        member0_.pw as pw9_3_,
        member0_.telecom_provider as telecom10_3_ 
    from
        member member0_ 
    where
        member0_.email=? 
        and member0_.pw=?
Hibernate: 
    select
        member0_.email as email1_3_,
        member0_.mod_date as mod_date2_3_,
        member0_.reg_date as reg_date3_3_,
        member0_.date_of_birth as date_of_4_3_,
        member0_.gender as gender5_3_,
        member0_.name as name6_3_,
        member0_.nationality as national7_3_,
        member0_.phone_number as phone_nu8_3_,
        member0_.pw as pw9_3_,
        member0_.telecom_provider as telecom10_3_ 
    from
        member member0_ 
    where
        member0_.email=? 
        and member0_.pw=?
Hibernate: 
    select
        member0_.email as email1_3_,
        member0_.mod_date as mod_date2_3_,
        member0_.reg_date as reg_date3_3_,
        member0_.date_of_birth as date_of_4_3_,
        member0_.gender as gender5_3_,
        member0_.name as name6_3_,
        member0_.nationality as national7_3_,
        member0_.phone_number as phone_nu8_3_,
        member0_.pw as pw9_3_,
        member0_.telecom_provider as telecom10_3_ 
    from
        member member0_ 
    where
        member0_.email=? 
        and member0_.pw=?
Hibernate: 
    select
        member0_.email as email1_3_,
        member0_.mod_date as mod_date2_3_,
        member0_.reg_date as reg_date3_3_,
        member0_.date_of_birth as date_of_4_3_,
        member0_.gender as gender5_3_,
        member0_.name as name6_3_,
        member0_.nationality as national7_3_,
        member0_.phone_number as phone_nu8_3_,
        member0_.pw as pw9_3_,
        member0_.telecom_provider as telecom10_3_ 
    from
        member member0_ 
    where
        member0_.email=? 
        and member0_.pw=?
Hibernate: 
    select
        member0_.email as email1_3_,
        member0_.mod_date as mod_date2_3_,
        member0_.reg_date as reg_date3_3_,
        member0_.date_of_birth as date_of_4_3_,
        member0_.gender as gender5_3_,
        member0_.name as name6_3_,
        member0_.nationality as national7_3_,
        member0_.phone_number as phone_nu8_3_,
        member0_.pw as pw9_3_,
        member0_.telecom_provider as telecom10_3_ 
    from
        member member0_ 
    where
        member0_.email=? 
        and member0_.pw=?
Hibernate: 
    select
        member0_.email as email1_3_,
        member0_.mod_date as mod_date2_3_,
        member0_.reg_date as reg_date3_3_,
        member0_.date_of_birth as date_of_4_3_,
        member0_.gender as gender5_3_,
        member0_.name as name6_3_,
        member0_.nationality as national7_3_,
        member0_.phone_number as phone_nu8_3_,
        member0_.pw as pw9_3_,
        member0_.telecom_provider as telecom10_3_ 
    from
        member member0_ 
    where
        member0_.email=? 
        and member0_.pw=?
Hibernate: 
    select
        member0_.email as email1_3_,
        member0_.mod_date as mod_date2_3_,
        member0_.reg_date as reg_date3_3_,
        member0_.date_of_birth as date_of_4_3_,
        member0_.gender as gender5_3_,
        member0_.name as name6_3_,
        member0_.nationality as national7_3_,
        member0_.phone_number as phone_nu8_3_,
        member0_.pw as pw9_3_,
        member0_.telecom_provider as telecom10_3_ 
    from
        member member0_ 
    where
        member0_.email=? 
        and member0_.pw=?
Hibernate: 
    select
        member0_.email as email1_3_,
        member0_.mod_date as mod_date2_3_,
        member0_.reg_date as reg_date3_3_,
        member0_.date_of_birth as date_of_4_3_,
        member0_.gender as gender5_3_,
        member0_.name as name6_3_,
        member0_.nationality as national7_3_,
        member0_.phone_number as phone_nu8_3_,
        member0_.pw as pw9_3_,
        member0_.telecom_provider as telecom10_3_ 
    from
        member member0_ 
    where
        member0_.email=? 
        and member0_.pw=?
Hibernate: 
    select
        member0_.email as email1_3_,
        member0_.mod_date as mod_date2_3_,
        member0_.reg_date as reg_date3_3_,
        member0_.date_of_birth as date_of_4_3_,
        member0_.gender as gender5_3_,
        member0_.name as name6_3_,
        member0_.nationality as national7_3_,
        member0_.phone_number as phone_nu8_3_,
        member0_.pw as pw9_3_,
        member0_.telecom_provider as telecom10_3_ 
    from
        member member0_ 
    where
        member0_.email=? 
        and member0_.pw=?
Hibernate: 
    select
        member0_.email as email1_3_,
        member0_.mod_date as mod_date2_3_,
        member0_.reg_date as reg_date3_3_,
        member0_.date_of_birth as date_of_4_3_,
        member0_.gender as gender5_3_,
        member0_.name as name6_3_,
        member0_.nationality as national7_3_,
        member0_.phone_number as phone_nu8_3_,
        member0_.pw as pw9_3_,
        member0_.telecom_provider as telecom10_3_ 
    from
        member member0_ 
    where
        member0_.email=? 
        and member0_.pw=?
Hibernate: 
    select
        member0_.email as email1_3_,
        member0_.mod_date as mod_date2_3_,
        member0_.reg_date as reg_date3_3_,
        member0_.date_of_birth as date_of_4_3_,
        member0_.gender as gender5_3_,
        member0_.name as name6_3_,
        member0_.nationality as national7_3_,
        member0_.phone_number as phone_nu8_3_,
        member0_.pw as pw9_3_,
        member0_.telecom_provider as telecom10_3_ 
    from
        member member0_ 
    where
        member0_.email=? 
        and member0_.pw=?
Hibernate: 
    select
        member0_.email as email1_3_,
        member0_.mod_date as mod_date2_3_,
        member0_.reg_date as reg_date3_3_,
        member0_.date_of_birth as date_of_4_3_,
        member0_.gender as gender5_3_,
        member0_.name as name6_3_,
        member0_.nationality as national7_3_,
        member0_.phone_number as phone_nu8_3_,
        member0_.pw as pw9_3_,
        member0_.telecom_provider as telecom10_3_ 
    from
        member member0_ 
    where
        member0_.email=? 
        and member0_.pw=?
Hibernate: 
    select
        member0_.email as email1_3_,
        member0_.mod_date as mod_date2_3_,
        member0_.reg_date as reg_date3_3_,
        member0_.date_of_birth as date_of_4_3_,
        member0_.gender as gender5_3_,
        member0_.name as name6_3_,
        member0_.nationality as national7_3_,
        member0_.phone_number as phone_nu8_3_,
        member0_.pw as pw9_3_,
        member0_.telecom_provider as telecom10_3_ 
    from
        member member0_ 
    where
        member0_.email=? 
        and member0_.pw=?
Hibernate: 
    select
        member0_.email as email1_3_,
        member0_.mod_date as mod_date2_3_,
        member0_.reg_date as reg_date3_3_,
        member0_.date_of_birth as date_of_4_3_,
        member0_.gender as gender5_3_,
        member0_.name as name6_3_,
        member0_.nationality as national7_3_,
        member0_.phone_number as phone_nu8_3_,
        member0_.pw as pw9_3_,
        member0_.telecom_provider as telecom10_3_ 
    from
        member member0_ 
    where
        member0_.email=? 
        and member0_.pw=?
Hibernate: 
    select
        member0_.email as email1_3_,
        member0_.mod_date as mod_date2_3_,
        member0_.reg_date as reg_date3_3_,
        member0_.date_of_birth as date_of_4_3_,
        member0_.gender as gender5_3_,
        member0_.name as name6_3_,
        member0_.nationality as national7_3_,
        member0_.phone_number as phone_nu8_3_,
        member0_.pw as pw9_3_,
        member0_.telecom_provider as telecom10_3_ 
    from
        member member0_ 
    where
        member0_.email=? 
        and member0_.pw=?
Hibernate: 
    select
        member0_.email as email1_3_,
        member0_.mod_date as mod_date2_3_,
        member0_.reg_date as reg_date3_3_,
        member0_.date_of_birth as date_of_4_3_,
        member0_.gender as gender5_3_,
        member0_.name as name6_3_,
        member0_.nationality as national7_3_,
        member0_.phone_number as phone_nu8_3_,
        member0_.pw as pw9_3_,
        member0_.telecom_provider as telecom10_3_ 
    from
        member member0_ 
    where
        member0_.email=? 
        and member0_.pw=?
Hibernate: 
    select
        member0_.email as email1_3_,
        member0_.mod_date as mod_date2_3_,
        member0_.reg_date as reg_date3_3_,
        member0_.date_of_birth as date_of_4_3_,
        member0_.gender as gender5_3_,
        member0_.name as name6_3_,
        member0_.nationality as national7_3_,
        member0_.phone_number as phone_nu8_3_,
        member0_.pw as pw9_3_,
        member0_.telecom_provider as telecom10_3_ 
    from
        member member0_ 
    where
        member0_.email=? 
        and member0_.pw=?
Hibernate: 
    select
        member0_.email as email1_3_,
        member0_.mod_date as mod_date2_3_,
        member0_.reg_date as reg_date3_3_,
        member0_.date_of_birth as date_of_4_3_,
        member0_.gender as gender5_3_,
        member0_.name as name6_3_,
        member0_.nationality as national7_3_,
        member0_.phone_number as phone_nu8_3_,
        member0_.pw as pw9_3_,
        member0_.telecom_provider as telecom10_3_ 
    from
        member member0_ 
    where
        member0_.email=? 
        and member0_.pw=?
Hibernate: 
    select
        member0_.email as email1_3_,
        member0_.mod_date as mod_date2_3_,
        member0_.reg_date as reg_date3_3_,
        member0_.date_of_birth as date_of_4_3_,
        member0_.gender as gender5_3_,
        member0_.name as name6_3_,
        member0_.nationality as national7_3_,
        member0_.phone_number as phone_nu8_3_,
        member0_.pw as pw9_3_,
        member0_.telecom_provider as telecom10_3_ 
    from
        member member0_ 
    where
        member0_.email=? 
        and member0_.pw=?
Hibernate: 
    select
        member0_.email as email1_3_,
        member0_.mod_date as mod_date2_3_,
        member0_.reg_date as reg_date3_3_,
        member0_.date_of_birth as date_of_4_3_,
        member0_.gender as gender5_3_,
        member0_.name as name6_3_,
        member0_.nationality as national7_3_,
        member0_.phone_number as phone_nu8_3_,
        member0_.pw as pw9_3_,
        member0_.telecom_provider as telecom10_3_ 
    from
        member member0_ 
    where
        member0_.email=? 
        and member0_.pw=?
Hibernate: 
    select
        member0_.email as email1_3_,
        member0_.mod_date as mod_date2_3_,
        member0_.reg_date as reg_date3_3_,
        member0_.date_of_birth as date_of_4_3_,
        member0_.gender as gender5_3_,
        member0_.name as name6_3_,
        member0_.nationality as national7_3_,
        member0_.phone_number as phone_nu8_3_,
        member0_.pw as pw9_3_,
        member0_.telecom_provider as telecom10_3_ 
    from
        member member0_ 
    where
        member0_.email=? 
        and member0_.pw=?
Hibernate: 
    select
        member0_.email as email1_3_,
        member0_.mod_date as mod_date2_3_,
        member0_.reg_date as reg_date3_3_,
        member0_.date_of_birth as date_of_4_3_,
        member0_.gender as gender5_3_,
        member0_.name as name6_3_,
        member0_.nationality as national7_3_,
        member0_.phone_number as phone_nu8_3_,
        member0_.pw as pw9_3_,
        member0_.telecom_provider as telecom10_3_ 
    from
        member member0_ 
    where
        member0_.email=? 
        and member0_.pw=?
Hibernate: 
    select
        member0_.email as email1_3_,
        member0_.mod_date as mod_date2_3_,
        member0_.reg_date as reg_date3_3_,
        member0_.date_of_birth as date_of_4_3_,
        member0_.gender as gender5_3_,
        member0_.name as name6_3_,
        member0_.nationality as national7_3_,
        member0_.phone_number as phone_nu8_3_,
        member0_.pw as pw9_3_,
        member0_.telecom_provider as telecom10_3_ 
    from
        member member0_ 
    where
        member0_.email=? 
        and member0_.pw=?
Hibernate: 
    select
        member0_.email as email1_3_,
        member0_.mod_date as mod_date2_3_,
        member0_.reg_date as reg_date3_3_,
        member0_.date_of_birth as date_of_4_3_,
        member0_.gender as gender5_3_,
        member0_.name as name6_3_,
        member0_.nationality as national7_3_,
        member0_.phone_number as phone_nu8_3_,
        member0_.pw as pw9_3_,
        member0_.telecom_provider as telecom10_3_ 
    from
        member member0_ 
    where
        member0_.email=? 
        and member0_.pw=?
Hibernate: 
    select
        member0_.email as email1_3_,
        member0_.mod_date as mod_date2_3_,
        member0_.reg_date as reg_date3_3_,
        member0_.date_of_birth as date_of_4_3_,
        member0_.gender as gender5_3_,
        member0_.name as name6_3_,
        member0_.nationality as national7_3_,
        member0_.phone_number as phone_nu8_3_,
        member0_.pw as pw9_3_,
        member0_.telecom_provider as telecom10_3_ 
    from
        member member0_ 
    where
        member0_.email=? 
        and member0_.pw=?
Hibernate: 
    select
        member0_.email as email1_3_,
        member0_.mod_date as mod_date2_3_,
        member0_.reg_date as reg_date3_3_,
        member0_.date_of_birth as date_of_4_3_,
        member0_.gender as gender5_3_,
        member0_.name as name6_3_,
        member0_.nationality as national7_3_,
        member0_.phone_number as phone_nu8_3_,
        member0_.pw as pw9_3_,
        member0_.telecom_provider as telecom10_3_ 
    from
        member member0_ 
    where
        member0_.email=? 
        and member0_.pw=?
]]></system-out>
  <system-err><![CDATA[]]></system-err>
</testsuite>
