<?xml version="1.0" encoding="UTF-8"?>
<testsuite name="com.example.project.BoardApplicationTests" tests="1" skipped="0" failures="0" errors="0" timestamp="2025-02-07T07:57:34" hostname="DESKTOP-OHSK4AM" time="0.094">
  <properties/>
  <testcase name="contextLoads()" classname="com.example.project.BoardApplicationTests" time="0.094"/>
  <system-out><![CDATA[16:57:29.637 [Test worker] DEBUG org.springframework.test.context.BootstrapUtils - Instantiating CacheAwareContextLoaderDelegate from class [org.springframework.test.context.cache.DefaultCacheAwareContextLoaderDelegate]
16:57:29.648 [Test worker] DEBUG org.springframework.test.context.BootstrapUtils - Instantiating BootstrapContext using constructor [public org.springframework.test.context.support.DefaultBootstrapContext(java.lang.Class,org.springframework.test.context.CacheAwareContextLoaderDelegate)]
16:57:29.676 [Test worker] DEBUG org.springframework.test.context.BootstrapUtils - Instantiating TestContextBootstrapper for test class [com.example.project.BoardApplicationTests] from class [org.springframework.boot.test.context.SpringBootTestContextBootstrapper]
16:57:29.687 [Test worker] INFO org.springframework.boot.test.context.SpringBootTestContextBootstrapper - Neither @ContextConfiguration nor @ContextHierarchy found for test class [com.example.project.BoardApplicationTests], using SpringBootContextLoader
16:57:29.691 [Test worker] DEBUG org.springframework.test.context.support.AbstractContextLoader - Did not detect default resource location for test class [com.example.project.BoardApplicationTests]: class path resource [com/example/project/BoardApplicationTests-context.xml] does not exist
16:57:29.692 [Test worker] DEBUG org.springframework.test.context.support.AbstractContextLoader - Did not detect default resource location for test class [com.example.project.BoardApplicationTests]: class path resource [com/example/project/BoardApplicationTestsContext.groovy] does not exist
16:57:29.692 [Test worker] INFO org.springframework.test.context.support.AbstractContextLoader - Could not detect default resource locations for test class [com.example.project.BoardApplicationTests]: no resource found for suffixes {-context.xml, Context.groovy}.
16:57:29.692 [Test worker] INFO org.springframework.test.context.support.AnnotationConfigContextLoaderUtils - Could not detect default configuration classes for test class [com.example.project.BoardApplicationTests]: BoardApplicationTests does not declare any static, non-private, non-final, nested classes annotated with @Configuration.
16:57:29.733 [Test worker] DEBUG org.springframework.test.context.support.ActiveProfilesUtils - Could not find an 'annotation declaring class' for annotation type [org.springframework.test.context.ActiveProfiles] and class [com.example.project.BoardApplicationTests]
16:57:29.786 [Test worker] DEBUG org.springframework.context.annotation.ClassPathScanningCandidateComponentProvider - Identified candidate component class: file [C:\Users\MASTER\Documents\GitHub\OpenAPI-Project\photomania_project\build\classes\java\main\com\example\project\ProjectApplication.class]
16:57:29.787 [Test worker] INFO org.springframework.boot.test.context.SpringBootTestContextBootstrapper - Found @SpringBootConfiguration com.example.project.ProjectApplication for test class com.example.project.BoardApplicationTests
16:57:29.887 [Test worker] DEBUG org.springframework.boot.test.context.SpringBootTestContextBootstrapper - @TestExecutionListeners is not present for class [com.example.project.BoardApplicationTests]: using defaults.
16:57:29.887 [Test worker] INFO org.springframework.boot.test.context.SpringBootTestContextBootstrapper - Loaded default TestExecutionListener class names from location [META-INF/spring.factories]: [org.springframework.boot.test.autoconfigure.restdocs.RestDocsTestExecutionListener, org.springframework.boot.test.autoconfigure.web.client.MockRestServiceServerResetTestExecutionListener, org.springframework.boot.test.autoconfigure.web.servlet.MockMvcPrintOnlyOnFailureTestExecutionListener, org.springframework.boot.test.autoconfigure.web.servlet.WebDriverTestExecutionListener, org.springframework.boot.test.autoconfigure.webservices.client.MockWebServiceServerTestExecutionListener, org.springframework.boot.test.mock.mockito.MockitoTestExecutionListener, org.springframework.boot.test.mock.mockito.ResetMocksTestExecutionListener, org.springframework.test.context.web.ServletTestExecutionListener, org.springframework.test.context.support.DirtiesContextBeforeModesTestExecutionListener, org.springframework.test.context.event.ApplicationEventsTestExecutionListener, org.springframework.test.context.support.DependencyInjectionTestExecutionListener, org.springframework.test.context.support.DirtiesContextTestExecutionListener, org.springframework.test.context.transaction.TransactionalTestExecutionListener, org.springframework.test.context.jdbc.SqlScriptsTestExecutionListener, org.springframework.test.context.event.EventPublishingTestExecutionListener]
16:57:29.904 [Test worker] INFO org.springframework.boot.test.context.SpringBootTestContextBootstrapper - Using TestExecutionListeners: [org.springframework.test.context.web.ServletTestExecutionListener@5d332969, org.springframework.test.context.support.DirtiesContextBeforeModesTestExecutionListener@7cc9ce8, org.springframework.test.context.event.ApplicationEventsTestExecutionListener@2e27d72f, org.springframework.boot.test.mock.mockito.MockitoTestExecutionListener@c0b41d6, org.springframework.boot.test.autoconfigure.SpringBootDependencyInjectionTestExecutionListener@4837595f, org.springframework.test.context.support.DirtiesContextTestExecutionListener@2bffa76d, org.springframework.test.context.transaction.TransactionalTestExecutionListener@3b718392, org.springframework.test.context.jdbc.SqlScriptsTestExecutionListener@6d2260db, org.springframework.test.context.event.EventPublishingTestExecutionListener@1f2d2181, org.springframework.boot.test.autoconfigure.restdocs.RestDocsTestExecutionListener@49bf29c6, org.springframework.boot.test.autoconfigure.web.client.MockRestServiceServerResetTestExecutionListener@7ee55e70, org.springframework.boot.test.autoconfigure.web.servlet.MockMvcPrintOnlyOnFailureTestExecutionListener@3fcdcf, org.springframework.boot.test.autoconfigure.web.servlet.WebDriverTestExecutionListener@7668d560, org.springframework.boot.test.autoconfigure.webservices.client.MockWebServiceServerTestExecutionListener@46292372, org.springframework.boot.test.mock.mockito.ResetMocksTestExecutionListener@126be319]
16:57:29.907 [Test worker] DEBUG org.springframework.test.context.support.AbstractDirtiesContextTestExecutionListener - Before test class: context [DefaultTestContext@54f5f647 testClass = BoardApplicationTests, testInstance = [null], testMethod = [null], testException = [null], mergedContextConfiguration = [WebMergedContextConfiguration@6979efad testClass = BoardApplicationTests, locations = '{}', classes = '{class com.example.project.ProjectApplication}', contextInitializerClasses = '[]', activeProfiles = '{}', propertySourceLocations = '{}', propertySourceProperties = '{org.springframework.boot.test.context.SpringBootTestContextBootstrapper=true}', contextCustomizers = set[org.springframework.boot.test.autoconfigure.actuate.metrics.MetricsExportContextCustomizerFactory$DisableMetricExportContextCustomizer@5b7ea70d, org.springframework.boot.test.autoconfigure.properties.PropertyMappingContextCustomizer@0, org.springframework.boot.test.autoconfigure.web.servlet.WebDriverContextCustomizerFactory$Customizer@3f363cf5, org.springframework.boot.test.context.filter.ExcludeFilterContextCustomizer@22d6f11, org.springframework.boot.test.json.DuplicateJsonObjectContextCustomizerFactory$DuplicateJsonObjectContextCustomizer@553f1d75, org.springframework.boot.test.mock.mockito.MockitoContextCustomizer@0, org.springframework.boot.test.web.client.TestRestTemplateContextCustomizer@78fb9a67, org.springframework.boot.test.context.SpringBootTestArgs@1, org.springframework.boot.test.context.SpringBootTestWebEnvironment@6e15fe2], resourceBasePath = 'src/main/webapp', contextLoader = 'org.springframework.boot.test.context.SpringBootContextLoader', parent = [null]], attributes = map['org.springframework.test.context.web.ServletTestExecutionListener.activateListener' -> true]], class annotated with @DirtiesContext [false] with mode [null].

  .   ____          _            __ _ _
 /\\ / ___'_ __ _ _(_)_ __  __ _ \ \ \ \
( ( )\___ | '_ | '_| | '_ \/ _` | \ \ \ \
 \\/  ___)| |_)| | | | | || (_| |  ) ) ) )
  '  |____| .__|_| |_|_| |_\__, | / / / /
 =========|_|==============|___/=/_/_/_/
 :: Spring Boot ::               (v2.7.11)

2025-02-07 16:57:30.389  INFO 17036 --- [    Test worker] c.example.project.BoardApplicationTests  : Starting BoardApplicationTests using Java 11.0.25 on DESKTOP-OHSK4AM with PID 17036 (started by MASTER in C:\Users\MASTER\Documents\GitHub\OpenAPI-Project\photomania_project)
2025-02-07 16:57:30.390 DEBUG 17036 --- [    Test worker] c.example.project.BoardApplicationTests  : Running with Spring Boot v2.7.11, Spring v5.3.27
2025-02-07 16:57:30.390  INFO 17036 --- [    Test worker] c.example.project.BoardApplicationTests  : No active profile set, falling back to 1 default profile: "default"
2025-02-07 16:57:31.008  INFO 17036 --- [    Test worker] .s.d.r.c.RepositoryConfigurationDelegate : Bootstrapping Spring Data JPA repositories in DEFAULT mode.
2025-02-07 16:57:31.092  INFO 17036 --- [    Test worker] .s.d.r.c.RepositoryConfigurationDelegate : Finished Spring Data repository scanning in 74 ms. Found 5 JPA repository interfaces.
2025-02-07 16:57:31.609  INFO 17036 --- [    Test worker] o.hibernate.jpa.internal.util.LogHelper  : HHH000204: Processing PersistenceUnitInfo [name: default]
2025-02-07 16:57:31.680  INFO 17036 --- [    Test worker] org.hibernate.Version                    : HHH000412: Hibernate ORM core version 5.6.15.Final
2025-02-07 16:57:31.879  INFO 17036 --- [    Test worker] o.hibernate.annotations.common.Version   : HCANN000001: Hibernate Commons Annotations {5.1.2.Final}
2025-02-07 16:57:32.002  INFO 17036 --- [    Test worker] com.zaxxer.hikari.HikariDataSource       : HikariPool-1 - Starting...
2025-02-07 16:57:32.199  INFO 17036 --- [    Test worker] com.zaxxer.hikari.HikariDataSource       : HikariPool-1 - Start completed.
2025-02-07 16:57:32.220  INFO 17036 --- [    Test worker] org.hibernate.dialect.Dialect            : HHH000400: Using dialect: org.hibernate.dialect.MySQL8Dialect
2025-02-07 16:57:33.004  INFO 17036 --- [    Test worker] o.h.e.t.j.p.i.JtaPlatformInitiator       : HHH000490: Using JtaPlatform implementation: [org.hibernate.engine.transaction.jta.platform.internal.NoJtaPlatform]
2025-02-07 16:57:33.015  INFO 17036 --- [    Test worker] j.LocalContainerEntityManagerFactoryBean : Initialized JPA EntityManagerFactory for persistence unit 'default'
2025-02-07 16:57:33.828  INFO 17036 --- [    Test worker] o.s.s.web.DefaultSecurityFilterChain     : Will secure any request with [org.springframework.security.web.session.DisableEncodeUrlFilter@74691677, org.springframework.security.web.context.request.async.WebAsyncManagerIntegrationFilter@3314f179, org.springframework.security.web.context.SecurityContextPersistenceFilter@62c1259f, org.springframework.security.web.header.HeaderWriterFilter@3398ed12, org.springframework.security.web.authentication.logout.LogoutFilter@7e5c8c80, org.springframework.security.web.authentication.UsernamePasswordAuthenticationFilter@66428512, org.springframework.security.web.savedrequest.RequestCacheAwareFilter@3e265811, org.springframework.security.web.servletapi.SecurityContextHolderAwareRequestFilter@55a07f97, org.springframework.security.web.authentication.AnonymousAuthenticationFilter@1abd1a28, org.springframework.security.web.session.SessionManagementFilter@66df362c, org.springframework.security.web.access.ExceptionTranslationFilter@99f75e4, org.springframework.security.web.access.intercept.FilterSecurityInterceptor@18ab513d]
2025-02-07 16:57:34.650  INFO 17036 --- [    Test worker] c.example.project.BoardApplicationTests  : Started BoardApplicationTests in 4.711 seconds (JVM running for 5.992)
]]></system-out>
  <system-err><![CDATA[]]></system-err>
</testsuite>
