<?xml version="1.0" encoding="UTF-8"?>
<testsuite name="com.example.project.ProjectApplicationTests" tests="1" skipped="0" failures="0" errors="0" timestamp="2025-02-07T07:57:34" hostname="DESKTOP-OHSK4AM" time="0.001">
  <properties/>
  <testcase name="contextLoads()" classname="com.example.project.ProjectApplicationTests" time="0.001"/>
  <system-out><![CDATA[2025-02-07 16:57:34.936  INFO 17036 --- [    Test worker] .b.t.c.SpringBootTestContextBootstrapper : Neither @ContextConfiguration nor @ContextHierarchy found for test class [com.example.project.ProjectApplicationTests], using SpringBootContextLoader
2025-02-07 16:57:34.937  INFO 17036 --- [    Test worker] o.s.t.c.support.AbstractContextLoader    : Could not detect default resource locations for test class [com.example.project.ProjectApplicationTests]: no resource found for suffixes {-context.xml, Context.groovy}.
2025-02-07 16:57:34.937  INFO 17036 --- [    Test worker] t.c.s.AnnotationConfigContextLoaderUtils : Could not detect default configuration classes for test class [com.example.project.ProjectApplicationTests]: ProjectApplicationTests does not declare any static, non-private, non-final, nested classes annotated with @Configuration.
2025-02-07 16:57:34.938  INFO 17036 --- [    Test worker] .b.t.c.SpringBootTestContextBootstrapper : Found @SpringBootConfiguration com.example.project.ProjectApplication for test class com.example.project.ProjectApplicationTests
2025-02-07 16:57:34.939  INFO 17036 --- [    Test worker] .b.t.c.SpringBootTestContextBootstrapper : Loaded default TestExecutionListener class names from location [META-INF/spring.factories]: [org.springframework.boot.test.autoconfigure.restdocs.RestDocsTestExecutionListener, org.springframework.boot.test.autoconfigure.web.client.MockRestServiceServerResetTestExecutionListener, org.springframework.boot.test.autoconfigure.web.servlet.MockMvcPrintOnlyOnFailureTestExecutionListener, org.springframework.boot.test.autoconfigure.web.servlet.WebDriverTestExecutionListener, org.springframework.boot.test.autoconfigure.webservices.client.MockWebServiceServerTestExecutionListener, org.springframework.boot.test.mock.mockito.MockitoTestExecutionListener, org.springframework.boot.test.mock.mockito.ResetMocksTestExecutionListener, org.springframework.test.context.web.ServletTestExecutionListener, org.springframework.test.context.support.DirtiesContextBeforeModesTestExecutionListener, org.springframework.test.context.event.ApplicationEventsTestExecutionListener, org.springframework.test.context.support.DependencyInjectionTestExecutionListener, org.springframework.test.context.support.DirtiesContextTestExecutionListener, org.springframework.test.context.transaction.TransactionalTestExecutionListener, org.springframework.test.context.jdbc.SqlScriptsTestExecutionListener, org.springframework.test.context.event.EventPublishingTestExecutionListener]
2025-02-07 16:57:34.939  INFO 17036 --- [    Test worker] .b.t.c.SpringBootTestContextBootstrapper : Using TestExecutionListeners: [org.springframework.test.context.web.ServletTestExecutionListener@d140627, org.springframework.test.context.support.DirtiesContextBeforeModesTestExecutionListener@386ec37d, org.springframework.test.context.event.ApplicationEventsTestExecutionListener@10007fdc, org.springframework.boot.test.mock.mockito.MockitoTestExecutionListener@7ca0aa55, org.springframework.boot.test.autoconfigure.SpringBootDependencyInjectionTestExecutionListener@51a8aed8, org.springframework.test.context.support.DirtiesContextTestExecutionListener@1f13eabb, org.springframework.test.context.transaction.TransactionalTestExecutionListener@cfe881a, org.springframework.test.context.jdbc.SqlScriptsTestExecutionListener@75f579d2, org.springframework.test.context.event.EventPublishingTestExecutionListener@61bfd7da, org.springframework.boot.test.autoconfigure.restdocs.RestDocsTestExecutionListener@6179af64, org.springframework.boot.test.autoconfigure.web.client.MockRestServiceServerResetTestExecutionListener@193f5509, org.springframework.boot.test.autoconfigure.web.servlet.MockMvcPrintOnlyOnFailureTestExecutionListener@475a8415, org.springframework.boot.test.autoconfigure.web.servlet.WebDriverTestExecutionListener@58c48a23, org.springframework.boot.test.autoconfigure.webservices.client.MockWebServiceServerTestExecutionListener@74ea1cd0, org.springframework.boot.test.mock.mockito.ResetMocksTestExecutionListener@179e8859]
]]></system-out>
  <system-err><![CDATA[]]></system-err>
</testsuite>
